Compiling the C compiler identification source file "CMakeCCompilerId.c" failed.
Compiler: /Library/Developer/CommandLineTools/usr/bin/cc 
Build flags: 
Id flags:  

The output was:
1
ld: library not found for -lSystem
clang: error: linker command failed with exit code 1 (use -v to see invocation)


Compiling the CXX compiler identification source file "CMakeCXXCompilerId.cpp" failed.
Compiler: /Library/Developer/CommandLineTools/usr/bin/c++ 
Build flags: 
Id flags:  

The output was:
1
ld: library not found for -lc++
clang: error: linker command failed with exit code 1 (use -v to see invocation)


Compiling the ISPC compiler identification source file "CMakeISPCCompilerId.ispc" failed.
Compiler: CMAKE_ISPC_COMPILER-NOTFOUND 
Build flags: 
Id flags: -o;cmake_ispc_output 

The output was:
No such file or directory


Compiling the ISPC compiler identification source file "CMakeISPCCompilerId.ispc" failed.
Compiler: CMAKE_ISPC_COMPILER-NOTFOUND 
Build flags: 
Id flags:  

The output was:
No such file or directory


Compiling the ISPC compiler identification source file "CMakeISPCCompilerId.ispc" failed.
Compiler: CMAKE_ISPC_COMPILER-NOTFOUND 
Build flags: 
Id flags: -o;cmake_ispc_output 

The output was:
No such file or directory


Compiling the ISPC compiler identification source file "CMakeISPCCompilerId.ispc" failed.
Compiler: CMAKE_ISPC_COMPILER-NOTFOUND 
Build flags: 
Id flags:  

The output was:
No such file or directory


Compiling the ISPC compiler identification source file "CMakeISPCCompilerId.ispc" failed.
Compiler: /usr/local/bin/ispc 
Build flags: 
Id flags: -o;cmake_ispc_output 

The output was:
Subprocess killed


Compiling the ISPC compiler identification source file "CMakeISPCCompilerId.ispc" failed.
Compiler: /usr/local/bin/ispc 
Build flags: 
Id flags:  

The output was:
Subprocess killed


Compiling the ISPC compiler identification source file "CMakeISPCCompilerId.ispc" failed.
Compiler: /usr/local/bin/ispc 
Build flags: 
Id flags: -o;cmake_ispc_output 

The output was:
Subprocess killed


Compilation of the ISPC compiler identification source "CMakeISPCCompilerId.ispc" did not produce an executable in "/Users/dgoncalves/Downloads/tracer/CMakeFiles/3.20.1/CompilerIdISPC".

Compiling the C compiler identification source file "CMakeCCompilerId.c" failed.
Compiler: /Library/Developer/CommandLineTools/usr/bin/cc 
Build flags: 
Id flags:  

The output was:
1
ld: library not found for -lSystem
clang: error: linker command failed with exit code 1 (use -v to see invocation)


Compiling the CXX compiler identification source file "CMakeCXXCompilerId.cpp" failed.
Compiler: /Library/Developer/CommandLineTools/usr/bin/c++ 
Build flags: 
Id flags:  

The output was:
1
ld: library not found for -lc++
clang: error: linker command failed with exit code 1 (use -v to see invocation)


